============================= test session starts =============================
platform win32 -- Python 3.14.0, pytest-9.0.2, pluggy-1.6.0 -- C:\Python314\python.exe
cachedir: .pytest_cache
rootdir: F:\skbase_05
configfile: pyproject.toml
plugins: anyio-4.12.1, dash-4.0.0, cov-7.0.0, timeout-2.4.0
collecting ... collected 3 items

skbase/tests/test_repr_html.py::test_repr_html_default_text FAILED       [ 33%]
skbase/tests/test_repr_html.py::test_repr_html_diagram FAILED            [ 66%]
skbase/tests/test_repr_html.py::test_repr_html_composite FAILED          [100%]

================================== FAILURES ===================================
_________________________ test_repr_html_default_text _________________________

    def test_repr_html_default_text():
        """Test that default display="text" config returns None for _repr_html_."""
        obj = DummyObject()
        # default config is "text"
>       assert obj._repr_html_() is None
               ^^^^^^^^^^^^^^^

skbase\tests\test_repr_html.py:24: 
_ _ _ _ _ _ _ _ _ _ _ _ _ _ _ _ _ _ _ _ _ _ _ _ _ _ _ _ _ _ _ _ _ _ _ _ _ _ _ _

self = DummyObject()

    @property
    def _repr_html_(self):
        """HTML representation of BaseObject.
    
        This is redundant with the logic of `_repr_mimebundle_`. The latter
        should be favorted in the long term, `_repr_html_` is only
        implemented for consumers who do not interpret `_repr_mimbundle_`.
        """
        if self.get_config()["display"] != "diagram":
>           raise AttributeError(
                "_repr_html_ is only defined when the "
                "`display` configuration option is set to 'diagram'."
            )
E           AttributeError: _repr_html_ is only defined when the `display` configuration option is set to 'diagram'.. Did you mean: '_repr_html_inner'?

skbase\base\_base.py:1148: AttributeError
___________________________ test_repr_html_diagram ____________________________

    def test_repr_html_diagram():
        """Test that display="diagram" config returns valid HTML."""
        obj = DummyObject(a=100, b="hello")
        obj.set_config(display="diagram")
        html_repr = obj._repr_html_()
    
        assert html_repr is not None
        assert isinstance(html_repr, str)
        assert "DummyObject" in html_repr
>       assert "<strong>a</strong>" in html_repr
E       assert '<strong>a</strong>' in '<style>#sk-0b799462-42ee-4d2a-ae6d-f7e3c473ae06 {color: black;background-color: white;}#sk-0b799462-42ee-4d2a-ae6d-f7e3c473ae06 pre{padding: 0;}#sk-0b799462-42ee-4d2a-ae6d-f7e3c473ae06 div.sk-toggleable {background-color: white;}#sk-0b799462-42ee-4d2a-ae6d-f7e3c473ae06 label.sk-toggleable__label {cursor: pointer;display: block;width: 100%;margin-bottom: 0;padding: 0.3em;box-sizing: border-box;text-align: center;}#sk-0b799462-42ee-4d2a-ae6d-f7e3c473ae06 label.sk-toggleable__label-arrow:before {content: "\u25b8";float: left;margin-right: 0.25em;color: #696969;}#sk-0b799462-42ee-4d2a-ae6d-f7e3c473ae06 label.sk-toggleable__label-arrow:hover:before {color: black;}#sk-0b799462-42ee-4d2a-ae6d-f7e3c473ae06 div.sk-estimator:hover label.sk-toggleable__label-arrow:before {color: black;}#sk-0b799462-42ee-4d2a-ae6d-f7e3c473ae06 div.sk-toggleable__content {max-height: 0;max-width: 0;overflow: hidden;text-align: left;background-color: #f0f8ff;}#sk-0b799462-42ee-4d2a-ae6d-f7e3c473ae06 div.sk-toggleable__content pre {margin: 0.2em;color: black;border-radius: 0.25em;background-color: #f0f8ff;}#sk-0b799462-42ee-4d2a-ae6d-f7e3c473ae06 input.sk-toggleable__control:checked~div.sk-toggleable__content {max-height: 200px;max-width: 100%;overflow: auto;}#sk-0b799462-42ee-4d2a-ae6d-f7e3c473ae06 input.sk-toggleable__control:checked~label.sk-toggleable__label-arrow:before {content: "\u25be";}#sk-0b799462-42ee-4d2a-ae6d-f7e3c473ae06 div.sk-estimator input.sk-toggleable__control:checked~label.sk-toggleable__label {background-color: #d4ebff;}#sk-0b799462-42ee-4d2a-ae6d-f7e3c473ae06 div.sk-label input.sk-toggleable__control:checked~label.sk-toggleable__label {background-color: #d4ebff;}#sk-0b799462-42ee-4d2a-ae6d-f7e3c473ae06 input.sk-hidden--visually {border: 0;clip: rect(1px 1px 1px 1px);clip: rect(1px, 1px, 1px, 1px);height: 1px;margin: -1px;overflow: hidden;padding: 0;position: absolute;width: 1px;}#sk-0b799462-42ee-4d2a-ae6d-f7e3c473ae06 div.sk-estimator {font-family: monospace;background-color: #f0f8ff;border: 1px dotted black;border-radius: 0.25em;box-sizing: border-box;margin-bottom: 0.5em;}#sk-0b799462-42ee-4d2a-ae6d-f7e3c473ae06 div.sk-estimator:hover {background-color: #d4ebff;}#sk-0b799462-42ee-4d2a-ae6d-f7e3c473ae06 div.sk-parallel-item::after {content: "";width: 100%;border-bottom: 1px solid gray;flex-grow: 1;}#sk-0b799462-42ee-4d2a-ae6d-f7e3c473ae06 div.sk-label:hover label.sk-toggleable__label {background-color: #d4ebff;}#sk-0b799462-42ee-4d2a-ae6d-f7e3c473ae06 div.sk-serial::before {content: "";position: absolute;border-left: 1px solid gray;box-sizing: border-box;top: 2em;bottom: 0;left: 50%;}#sk-0b799462-42ee-4d2a-ae6d-f7e3c473ae06 div.sk-serial {display: flex;flex-direction: column;align-items: center;background-color: white;padding-right: 0.2em;padding-left: 0.2em;}#sk-0b799462-42ee-4d2a-ae6d-f7e3c473ae06 div.sk-item {z-index: 1;}#sk-0b799462-42ee-4d2a-ae6d-f7e3c473ae06 div.sk-parallel {display: flex;align-items: stretch;justify-content: center;background-color: white;}#sk-0b799462-42ee-4d2a-ae6d-f7e3c473ae06 div.sk-parallel::before {content: "";position: absolute;border-left: 1px solid gray;box-sizing: border-box;top: 2em;bottom: 0;left: 50%;}#sk-0b799462-42ee-4d2a-ae6d-f7e3c473ae06 div.sk-parallel-item {display: flex;flex-direction: column;position: relative;background-color: white;}#sk-0b799462-42ee-4d2a-ae6d-f7e3c473ae06 div.sk-parallel-item:first-child::after {align-self: flex-end;width: 50%;}#sk-0b799462-42ee-4d2a-ae6d-f7e3c473ae06 div.sk-parallel-item:last-child::after {align-self: flex-start;width: 50%;}#sk-0b799462-42ee-4d2a-ae6d-f7e3c473ae06 div.sk-parallel-item:only-child::after {width: 0;}#sk-0b799462-42ee-4d2a-ae6d-f7e3c473ae06 div.sk-dashed-wrapped {border: 1px dashed gray;margin: 0 0.4em 0.5em 0.4em;box-sizing: border-box;padding-bottom: 0.4em;background-color: white;position: relative;}#sk-0b799462-42ee-4d2a-ae6d-f7e3c473ae06 div.sk-label label {font-family: monospace;font-weight: bold;background-color: white;display: inline-block;line-height: 1.2em;}#sk-0b799462-42ee-4d2a-ae6d-f7e3c473ae06 div.sk-label-container {position: relative;z-index: 2;text-align: center;}#sk-0b799462-42ee-4d2a-ae6d-f7e3c473ae06 div.sk-container {/* jupyter\'s `normalize.less` sets `[hidden] { display: none; }` but bootstrap.min.css set `[hidden] { display: none !important; }` so we also need the `!important` here to be able to override the default hidden behavior on the sphinx rendered scikit-learn.org. See: https://github.com/scikit-learn/scikit-learn/issues/21755 */display: inline-block !important;position: relative;}#sk-0b799462-42ee-4d2a-ae6d-f7e3c473ae06 div.sk-text-repr-fallback {display: none;}</style><div id=\'sk-0b799462-42ee-4d2a-ae6d-f7e3c473ae06\' class="sk-top-container"><div class="sk-text-repr-fallback"><pre>DummyObject(a=100, b=&#x27;hello&#x27;)</pre><b>Please rerun this cell to show the HTML repr or trust the notebook.</b></div><div class="sk-container" hidden><div class=\'sk-item\'><div class="sk-estimator sk-toggleable"><input class="sk-toggleable__control sk-hidden--visually" id=UUID(\'8bace040-f2b4-4a5f-80a4-81a2e43eca4f\') type="checkbox" checked><label for=UUID(\'8bace040-f2b4-4a5f-80a4-81a2e43eca4f\') class=\'sk-toggleable__label sk-toggleable__label-arrow\'>DummyObject</label><div class="sk-toggleable__content"><pre>DummyObject(a=100, b=&#x27;hello&#x27;)</pre></div></div></div></div></div>'

skbase\tests\test_repr_html.py:39: AssertionError
__________________________ test_repr_html_composite ___________________________

    def test_repr_html_composite():
        """Test that composite object renders collapsible details."""
        inner = DummyObject(a=5, b="inner_str")
        obj = CompositeObject(obj=inner, c=99)
        obj.set_config(display="diagram")
    
        html_repr = obj._repr_html_()
    
        assert html_repr is not None
        assert "CompositeObject" in html_repr
        assert "DummyObject" in html_repr
    
        # Check for details and summary tags used for nested BaseObjects
>       assert "<details" in html_repr
E       assert '<details' in '<style>#sk-f6d7b9c7-dc63-459d-8f76-93cedee3e07b {color: black;background-color: white;}#sk-f6d7b9c7-dc63-459d-8f76-93cedee3e07b pre{padding: 0;}#sk-f6d7b9c7-dc63-459d-8f76-93cedee3e07b div.sk-toggleable {background-color: white;}#sk-f6d7b9c7-dc63-459d-8f76-93cedee3e07b label.sk-toggleable__label {cursor: pointer;display: block;width: 100%;margin-bottom: 0;padding: 0.3em;box-sizing: border-box;text-align: center;}#sk-f6d7b9c7-dc63-459d-8f76-93cedee3e07b label.sk-toggleable__label-arrow:before {content: "\u25b8";float: left;margin-right: 0.25em;color: #696969;}#sk-f6d7b9c7-dc63-459d-8f76-93cedee3e07b label.sk-toggleable__label-arrow:hover:before {color: black;}#sk-f6d7b9c7-dc63-459d-8f76-93cedee3e07b div.sk-estimator:hover label.sk-toggleable__label-arrow:before {color: black;}#sk-f6d7b9c7-dc63-459d-8f76-93cedee3e07b div.sk-toggleable__content {max-height: 0;max-width: 0;overflow: hidden;text-align: left;background-color: #f0f8ff;}#sk-f6d7b9c7-dc63-459d-8f76-93cedee3e07b div.sk-toggleable__content pre {margin: 0.2em;color: black;border-radius: 0.25em;background-color: #f0f8ff;}#sk-f6d7b9c7-dc63-459d-8f76-93cedee3e07b input.sk-toggleable__control:checked~div.sk-toggleable__content {max-height: 200px;max-width: 100%;overflow: auto;}#sk-f6d7b9c7-dc63-459d-8f76-93cedee3e07b input.sk-toggleable__control:checked~label.sk-toggleable__label-arrow:before {content: "\u25be";}#sk-f6d7b9c7-dc63-459d-8f76-93cedee3e07b div.sk-estimator input.sk-toggleable__control:checked~label.sk-toggleable__label {background-color: #d4ebff;}#sk-f6d7b9c7-dc63-459d-8f76-93cedee3e07b div.sk-label input.sk-toggleable__control:checked~label.sk-toggleable__label {background-color: #d4ebff;}#sk-f6d7b9c7-dc63-459d-8f76-93cedee3e07b input.sk-hidden--visually {border: 0;clip: rect(1px 1px 1px 1px);clip: rect(1px, 1px, 1px, 1px);height: 1px;margin: -1px;overflow: hidden;padding: 0;position: absolute;width: 1px;}#sk-f6d7b9c7-dc63-459d-8f76-93cedee3e07b div.sk-estimator {font-family: monospace;background-color: #f0f8ff;border: 1px dotted black;border-radius: 0.25em;box-sizing: border-box;margin-bottom: 0.5em;}#sk-f6d7b9c7-dc63-459d-8f76-93cedee3e07b div.sk-estimator:hover {background-color: #d4ebff;}#sk-f6d7b9c7-dc63-459d-8f76-93cedee3e07b div.sk-parallel-item::after {content: "";width: 100%;border-bottom: 1px solid gray;flex-grow: 1;}#sk-f6d7b9c7-dc63-459d-8f76-93cedee3e07b div.sk-label:hover label.sk-toggleable__label {background-color: #d4ebff;}#sk-f6d7b9c7-dc63-459d-8f76-93cedee3e07b div.sk-serial::before {content: "";position: absolute;border-left: 1px solid gray;box-sizing: border-box;top: 2em;bottom: 0;left: 50%;}#sk-f6d7b9c7-dc63-459d-8f76-93cedee3e07b div.sk-serial {display: flex;flex-direction: column;align-items: center;background-color: white;padding-right: 0.2em;padding-left: 0.2em;}#sk-f6d7b9c7-dc63-459d-8f76-93cedee3e07b div.sk-item {z-index: 1;}#sk-f6d7b9c7-dc63-459d-8f76-93cedee3e07b div.sk-parallel {display: flex;align-items: stretch;justify-content: center;background-color: white;}#sk-f6d7b9c7-dc63-459d-8f76-93cedee3e07b div.sk-parallel::before {content: "";position: absolute;border-left: 1px solid gray;box-sizing: border-box;top: 2em;bottom: 0;left: 50%;}#sk-f6d7b9c7-dc63-459d-8f76-93cedee3e07b div.sk-parallel-item {display: flex;flex-direction: column;position: relative;background-color: white;}#sk-f6d7b9c7-dc63-459d-8f76-93cedee3e07b div.sk-parallel-item:first-child::after {align-self: flex-end;width: 50%;}#sk-f6d7b9c7-dc63-459d-8f76-93cedee3e07b div.sk-parallel-item:last-child::after {align-self: flex-start;width: 50%;}#sk-f6d7b9c7-dc63-459d-8f76-93cedee3e07b div.sk-parallel-item:only-child::after {width: 0;}#sk-f6d7b9c7-dc63-459d-8f76-93cedee3e07b div.sk-dashed-wrapped {border: 1px dashed gray;margin: 0 0.4em 0.5em 0.4em;box-sizing: border-box;padding-bottom: 0.4em;background-color: white;position: relative;}#sk-f6d7b9c7-dc63-459d-8f76-93cedee3e07b div.sk-label label {font-family: monospace;font-weight: bold;background-color: white;display: inline-block;line-height: 1.2em;}#sk-f6d7b9c7-dc63-459d-8f76-93cedee3e07b div.sk-label-container {position: relative;z-index: 2;text-align: center;}#sk-f6d7b9c7-dc63-459d-8f76-93cedee3e07b div.sk-container {/* jupyter\'s `normalize.less` sets `[hidden] { display: none; }` but bootstrap.min.css set `[hidden] { display: none !important; }` so we also need the `!important` here to be able to override the default hidden behavior on the sphinx rendered scikit-learn.org. See: https://github.com/scikit-learn/scikit-learn/issues/21755 */display: inline-block !important;position: relative;}#sk-f6d7b9c7-dc63-459d-8f76-93cedee3e07b div.sk-text-repr-fallback {display: none;}</style><div id=\'sk-f6d7b9c7-dc63-459d-8f76-93cedee3e07b\' class="sk-top-container"><div class="sk-text-repr-fallback"><pre>CompositeObject(c=99, obj=DummyObject(a=5, b=&#x27;inner_str&#x27;))</pre><b>Please rerun this cell to show the HTML repr or trust the notebook.</b></div><div class="sk-container" hidden><div class="sk-item sk-dashed-wrapped"><div class=\'sk-label-container\'><div class="sk-label sk-toggleable"><input class="sk-toggleable__control sk-hidden--visually" id=UUID(\'0da98e04-3608-4c67-8f18-7ed1053261ed\') type="checkbox" ><label for=UUID(\'0da98e04-3608-4c67-8f18-7ed1053261ed\') class=\'sk-toggleable__label sk-toggleable__label-arrow\'>CompositeObject</label><div class="sk-toggleable__content"><pre>CompositeObject(c=99, obj=DummyObject(a=5, b=&#x27;inner_str&#x27;))</pre></div></div></div><div class="sk-parallel"><div class="sk-parallel-item"><div class="sk-item"><div class="sk-serial"><div class=\'sk-item\'><div class="sk-estimator sk-toggleable"><input class="sk-toggleable__control sk-hidden--visually" id=UUID(\'1fdb63e1-a371-4101-ad55-99e11b80da2f\') type="checkbox" ><label for=UUID(\'1fdb63e1-a371-4101-ad55-99e11b80da2f\') class=\'sk-toggleable__label sk-toggleable__label-arrow\'>DummyObject</label><div class="sk-toggleable__content"><pre>DummyObject(a=5, b=&#x27;inner_str&#x27;)</pre></div></div></div></div></div></div></div></div></div></div>'

skbase\tests\test_repr_html.py:57: AssertionError
=============================== tests coverage ================================
_______________ coverage: platform win32, python 3.14.0-final-0 _______________

Coverage HTML written to dir htmlcov
Coverage XML written to file coverage.xml
=========================== short test summary info ===========================
FAILED skbase/tests/test_repr_html.py::test_repr_html_default_text - AttributeError: _repr_html_ is only defined when the `display` configuration option is set to 'diagram'.. Did you mean: '_repr_html_inner'?
FAILED skbase/tests/test_repr_html.py::test_repr_html_diagram - assert '<strong>a</strong>' in '<style>#sk-0b799462-42ee-4d2a-ae6d-f7e3c473ae06 {color: black;background-color: white;}#sk-0b799462-42ee-4d2a-ae6d-f7e3c473ae06 pre{padding: 0;}#sk-0b799462-42ee-4d2a-ae6d-f7e3c473ae06 div.sk-toggleable {background-color: white;}#sk-0b799462-42ee-4d2a-ae6d-f7e3c473ae06 label.sk-toggleable__label {cursor: pointer;display: block;width: 100%;margin-bottom: 0;padding: 0.3em;box-sizing: border-box;text-align: center;}#sk-0b799462-42ee-4d2a-ae6d-f7e3c473ae06 label.sk-toggleable__label-arrow:before {content: "\u25b8";float: left;margin-right: 0.25em;color: #696969;}#sk-0b799462-42ee-4d2a-ae6d-f7e3c473ae06 label.sk-toggleable__label-arrow:hover:before {color: black;}#sk-0b799462-42ee-4d2a-ae6d-f7e3c473ae06 div.sk-estimator:hover label.sk-toggleable__label-arrow:before {color: black;}#sk-0b799462-42ee-4d2a-ae6d-f7e3c473ae06 div.sk-toggleable__content {max-height: 0;max-width: 0;overflow: hidden;text-align: left;background-color: #f0f8ff;}#sk-0b799462-42ee-4d2a-ae6d-f7e3c473ae06 div.sk-toggleable__content pre {margin: 0.2em;color: black;border-radius: 0.25em;background-color: #f0f8ff;}#sk-0b799462-42ee-4d2a-ae6d-f7e3c473ae06 input.sk-toggleable__control:checked~div.sk-toggleable__content {max-height: 200px;max-width: 100%;overflow: auto;}#sk-0b799462-42ee-4d2a-ae6d-f7e3c473ae06 input.sk-toggleable__control:checked~label.sk-toggleable__label-arrow:before {content: "\u25be";}#sk-0b799462-42ee-4d2a-ae6d-f7e3c473ae06 div.sk-estimator input.sk-toggleable__control:checked~label.sk-toggleable__label {background-color: #d4ebff;}#sk-0b799462-42ee-4d2a-ae6d-f7e3c473ae06 div.sk-label input.sk-toggleable__control:checked~label.sk-toggleable__label {background-color: #d4ebff;}#sk-0b799462-42ee-4d2a-ae6d-f7e3c473ae06 input.sk-hidden--visually {border: 0;clip: rect(1px 1px 1px 1px);clip: rect(1px, 1px, 1px, 1px);height: 1px;margin: -1px;overflow: hidden;padding: 0;position: absolute;width: 1px;}#sk-0b799462-42ee-4d2a-ae6d-f7e3c473ae06 div.sk-estimator {font-family: monospace;background-color: #f0f8ff;border: 1px dotted black;border-radius: 0.25em;box-sizing: border-box;margin-bottom: 0.5em;}#sk-0b799462-42ee-4d2a-ae6d-f7e3c473ae06 div.sk-estimator:hover {background-color: #d4ebff;}#sk-0b799462-42ee-4d2a-ae6d-f7e3c473ae06 div.sk-parallel-item::after {content: "";width: 100%;border-bottom: 1px solid gray;flex-grow: 1;}#sk-0b799462-42ee-4d2a-ae6d-f7e3c473ae06 div.sk-label:hover label.sk-toggleable__label {background-color: #d4ebff;}#sk-0b799462-42ee-4d2a-ae6d-f7e3c473ae06 div.sk-serial::before {content: "";position: absolute;border-left: 1px solid gray;box-sizing: border-box;top: 2em;bottom: 0;left: 50%;}#sk-0b799462-42ee-4d2a-ae6d-f7e3c473ae06 div.sk-serial {display: flex;flex-direction: column;align-items: center;background-color: white;padding-right: 0.2em;padding-left: 0.2em;}#sk-0b799462-42ee-4d2a-ae6d-f7e3c473ae06 div.sk-item {z-index: 1;}#sk-0b799462-42ee-4d2a-ae6d-f7e3c473ae06 div.sk-parallel {display: flex;align-items: stretch;justify-content: center;background-color: white;}#sk-0b799462-42ee-4d2a-ae6d-f7e3c473ae06 div.sk-parallel::before {content: "";position: absolute;border-left: 1px solid gray;box-sizing: border-box;top: 2em;bottom: 0;left: 50%;}#sk-0b799462-42ee-4d2a-ae6d-f7e3c473ae06 div.sk-parallel-item {display: flex;flex-direction: column;position: relative;background-color: white;}#sk-0b799462-42ee-4d2a-ae6d-f7e3c473ae06 div.sk-parallel-item:first-child::after {align-self: flex-end;width: 50%;}#sk-0b799462-42ee-4d2a-ae6d-f7e3c473ae06 div.sk-parallel-item:last-child::after {align-self: flex-start;width: 50%;}#sk-0b799462-42ee-4d2a-ae6d-f7e3c473ae06 div.sk-parallel-item:only-child::after {width: 0;}#sk-0b799462-42ee-4d2a-ae6d-f7e3c473ae06 div.sk-dashed-wrapped {border: 1px dashed gray;margin: 0 0.4em 0.5em 0.4em;box-sizing: border-box;padding-bottom: 0.4em;background-color: white;position: relative;}#sk-0b799462-42ee-4d2a-ae6d-f7e3c473ae06 div.sk-label label {font-family: monospace;font-weight: bold;background-color: white;display: inline-block;line-height: 1.2em;}#sk-0b799462-42ee-4d2a-ae6d-f7e3c473ae06 div.sk-label-container {position: relative;z-index: 2;text-align: center;}#sk-0b799462-42ee-4d2a-ae6d-f7e3c473ae06 div.sk-container {/* jupyter\'s `normalize.less` sets `[hidden] { display: none; }` but bootstrap.min.css set `[hidden] { display: none !important; }` so we also need the `!important` here to be able to override the default hidden behavior on the sphinx rendered scikit-learn.org. See: https://github.com/scikit-learn/scikit-learn/issues/21755 */display: inline-block !important;position: relative;}#sk-0b799462-42ee-4d2a-ae6d-f7e3c473ae06 div.sk-text-repr-fallback {display: none;}</style><div id=\'sk-0b799462-42ee-4d2a-ae6d-f7e3c473ae06\' class="sk-top-container"><div class="sk-text-repr-fallback"><pre>DummyObject(a=100, b=&#x27;hello&#x27;)</pre><b>Please rerun this cell to show the HTML repr or trust the notebook.</b></div><div class="sk-container" hidden><div class=\'sk-item\'><div class="sk-estimator sk-toggleable"><input class="sk-toggleable__control sk-hidden--visually" id=UUID(\'8bace040-f2b4-4a5f-80a4-81a2e43eca4f\') type="checkbox" checked><label for=UUID(\'8bace040-f2b4-4a5f-80a4-81a2e43eca4f\') class=\'sk-toggleable__label sk-toggleable__label-arrow\'>DummyObject</label><div class="sk-toggleable__content"><pre>DummyObject(a=100, b=&#x27;hello&#x27;)</pre></div></div></div></div></div>'
FAILED skbase/tests/test_repr_html.py::test_repr_html_composite - assert '<details' in '<style>#sk-f6d7b9c7-dc63-459d-8f76-93cedee3e07b {color: black;background-color: white;}#sk-f6d7b9c7-dc63-459d-8f76-93cedee3e07b pre{padding: 0;}#sk-f6d7b9c7-dc63-459d-8f76-93cedee3e07b div.sk-toggleable {background-color: white;}#sk-f6d7b9c7-dc63-459d-8f76-93cedee3e07b label.sk-toggleable__label {cursor: pointer;display: block;width: 100%;margin-bottom: 0;padding: 0.3em;box-sizing: border-box;text-align: center;}#sk-f6d7b9c7-dc63-459d-8f76-93cedee3e07b label.sk-toggleable__label-arrow:before {content: "\u25b8";float: left;margin-right: 0.25em;color: #696969;}#sk-f6d7b9c7-dc63-459d-8f76-93cedee3e07b label.sk-toggleable__label-arrow:hover:before {color: black;}#sk-f6d7b9c7-dc63-459d-8f76-93cedee3e07b div.sk-estimator:hover label.sk-toggleable__label-arrow:before {color: black;}#sk-f6d7b9c7-dc63-459d-8f76-93cedee3e07b div.sk-toggleable__content {max-height: 0;max-width: 0;overflow: hidden;text-align: left;background-color: #f0f8ff;}#sk-f6d7b9c7-dc63-459d-8f76-93cedee3e07b div.sk-toggleable__content pre {margin: 0.2em;color: black;border-radius: 0.25em;background-color: #f0f8ff;}#sk-f6d7b9c7-dc63-459d-8f76-93cedee3e07b input.sk-toggleable__control:checked~div.sk-toggleable__content {max-height: 200px;max-width: 100%;overflow: auto;}#sk-f6d7b9c7-dc63-459d-8f76-93cedee3e07b input.sk-toggleable__control:checked~label.sk-toggleable__label-arrow:before {content: "\u25be";}#sk-f6d7b9c7-dc63-459d-8f76-93cedee3e07b div.sk-estimator input.sk-toggleable__control:checked~label.sk-toggleable__label {background-color: #d4ebff;}#sk-f6d7b9c7-dc63-459d-8f76-93cedee3e07b div.sk-label input.sk-toggleable__control:checked~label.sk-toggleable__label {background-color: #d4ebff;}#sk-f6d7b9c7-dc63-459d-8f76-93cedee3e07b input.sk-hidden--visually {border: 0;clip: rect(1px 1px 1px 1px);clip: rect(1px, 1px, 1px, 1px);height: 1px;margin: -1px;overflow: hidden;padding: 0;position: absolute;width: 1px;}#sk-f6d7b9c7-dc63-459d-8f76-93cedee3e07b div.sk-estimator {font-family: monospace;background-color: #f0f8ff;border: 1px dotted black;border-radius: 0.25em;box-sizing: border-box;margin-bottom: 0.5em;}#sk-f6d7b9c7-dc63-459d-8f76-93cedee3e07b div.sk-estimator:hover {background-color: #d4ebff;}#sk-f6d7b9c7-dc63-459d-8f76-93cedee3e07b div.sk-parallel-item::after {content: "";width: 100%;border-bottom: 1px solid gray;flex-grow: 1;}#sk-f6d7b9c7-dc63-459d-8f76-93cedee3e07b div.sk-label:hover label.sk-toggleable__label {background-color: #d4ebff;}#sk-f6d7b9c7-dc63-459d-8f76-93cedee3e07b div.sk-serial::before {content: "";position: absolute;border-left: 1px solid gray;box-sizing: border-box;top: 2em;bottom: 0;left: 50%;}#sk-f6d7b9c7-dc63-459d-8f76-93cedee3e07b div.sk-serial {display: flex;flex-direction: column;align-items: center;background-color: white;padding-right: 0.2em;padding-left: 0.2em;}#sk-f6d7b9c7-dc63-459d-8f76-93cedee3e07b div.sk-item {z-index: 1;}#sk-f6d7b9c7-dc63-459d-8f76-93cedee3e07b div.sk-parallel {display: flex;align-items: stretch;justify-content: center;background-color: white;}#sk-f6d7b9c7-dc63-459d-8f76-93cedee3e07b div.sk-parallel::before {content: "";position: absolute;border-left: 1px solid gray;box-sizing: border-box;top: 2em;bottom: 0;left: 50%;}#sk-f6d7b9c7-dc63-459d-8f76-93cedee3e07b div.sk-parallel-item {display: flex;flex-direction: column;position: relative;background-color: white;}#sk-f6d7b9c7-dc63-459d-8f76-93cedee3e07b div.sk-parallel-item:first-child::after {align-self: flex-end;width: 50%;}#sk-f6d7b9c7-dc63-459d-8f76-93cedee3e07b div.sk-parallel-item:last-child::after {align-self: flex-start;width: 50%;}#sk-f6d7b9c7-dc63-459d-8f76-93cedee3e07b div.sk-parallel-item:only-child::after {width: 0;}#sk-f6d7b9c7-dc63-459d-8f76-93cedee3e07b div.sk-dashed-wrapped {border: 1px dashed gray;margin: 0 0.4em 0.5em 0.4em;box-sizing: border-box;padding-bottom: 0.4em;background-color: white;position: relative;}#sk-f6d7b9c7-dc63-459d-8f76-93cedee3e07b div.sk-label label {font-family: monospace;font-weight: bold;background-color: white;display: inline-block;line-height: 1.2em;}#sk-f6d7b9c7-dc63-459d-8f76-93cedee3e07b div.sk-label-container {position: relative;z-index: 2;text-align: center;}#sk-f6d7b9c7-dc63-459d-8f76-93cedee3e07b div.sk-container {/* jupyter\'s `normalize.less` sets `[hidden] { display: none; }` but bootstrap.min.css set `[hidden] { display: none !important; }` so we also need the `!important` here to be able to override the default hidden behavior on the sphinx rendered scikit-learn.org. See: https://github.com/scikit-learn/scikit-learn/issues/21755 */display: inline-block !important;position: relative;}#sk-f6d7b9c7-dc63-459d-8f76-93cedee3e07b div.sk-text-repr-fallback {display: none;}</style><div id=\'sk-f6d7b9c7-dc63-459d-8f76-93cedee3e07b\' class="sk-top-container"><div class="sk-text-repr-fallback"><pre>CompositeObject(c=99, obj=DummyObject(a=5, b=&#x27;inner_str&#x27;))</pre><b>Please rerun this cell to show the HTML repr or trust the notebook.</b></div><div class="sk-container" hidden><div class="sk-item sk-dashed-wrapped"><div class=\'sk-label-container\'><div class="sk-label sk-toggleable"><input class="sk-toggleable__control sk-hidden--visually" id=UUID(\'0da98e04-3608-4c67-8f18-7ed1053261ed\') type="checkbox" ><label for=UUID(\'0da98e04-3608-4c67-8f18-7ed1053261ed\') class=\'sk-toggleable__label sk-toggleable__label-arrow\'>CompositeObject</label><div class="sk-toggleable__content"><pre>CompositeObject(c=99, obj=DummyObject(a=5, b=&#x27;inner_str&#x27;))</pre></div></div></div><div class="sk-parallel"><div class="sk-parallel-item"><div class="sk-item"><div class="sk-serial"><div class=\'sk-item\'><div class="sk-estimator sk-toggleable"><input class="sk-toggleable__control sk-hidden--visually" id=UUID(\'1fdb63e1-a371-4101-ad55-99e11b80da2f\') type="checkbox" ><label for=UUID(\'1fdb63e1-a371-4101-ad55-99e11b80da2f\') class=\'sk-toggleable__label sk-toggleable__label-arrow\'>DummyObject</label><div class="sk-toggleable__content"><pre>DummyObject(a=5, b=&#x27;inner_str&#x27;)</pre></div></div></div></div></div></div></div></div></div></div>'
============================== 3 failed in 0.74s ==============================
